<?xml version="1.0" encoding="UTF-8"?>
<testng-results skipped="0" failed="0" ignored="0" total="3" passed="3">
  <reporter-output>
  </reporter-output>
  <suite name="JenkinsTestSuite" duration-ms="25906" started-at="2018-01-24T08:20:59Z" finished-at="2018-01-24T08:21:24Z">
    <groups>
    </groups>
    <test name="JenkinsTestTest" duration-ms="25906" started-at="2018-01-24T08:20:59Z" finished-at="2018-01-24T08:21:24Z">
      <class name="s1googlesearch.TC3GoogleSearchResultCountGITHUB">
        <test-method status="PASS" signature="googleSearchResultCount()[pri:1, instance:s1googlesearch.TC3GoogleSearchResultCountGITHUB@5a42bbf4]" name="googleSearchResultCount" duration-ms="7728" started-at="2018-01-24T19:21:17Z" finished-at="2018-01-24T19:21:24Z">
          <reporter-output>
          </reporter-output>
        </test-method> <!-- googleSearchResultCount -->
        <test-method status="PASS" signature="closingBrowser()[pri:0, instance:s1googlesearch.TC3GoogleSearchResultCountGITHUB@5a42bbf4]" name="closingBrowser" is-config="true" duration-ms="1" started-at="2018-01-24T19:21:24Z" finished-at="2018-01-24T19:21:24Z">
          <reporter-output>
          </reporter-output>
        </test-method> <!-- closingBrowser -->
      </class> <!-- s1googlesearch.TC3GoogleSearchResultCountGITHUB -->
      <class name="s1googlesearch.TC2GoogleSearchResultCountUFT">
        <test-method status="PASS" signature="googleSearchResultCount()[pri:1, instance:s1googlesearch.TC2GoogleSearchResultCountUFT@33e5ccce]" name="googleSearchResultCount" duration-ms="7683" started-at="2018-01-24T19:21:09Z" finished-at="2018-01-24T19:21:17Z">
          <reporter-output>
          </reporter-output>
        </test-method> <!-- googleSearchResultCount -->
        <test-method status="PASS" signature="closingBrowser()[pri:0, instance:s1googlesearch.TC2GoogleSearchResultCountUFT@33e5ccce]" name="closingBrowser" is-config="true" duration-ms="0" started-at="2018-01-24T19:21:17Z" finished-at="2018-01-24T19:21:17Z">
          <reporter-output>
          </reporter-output>
        </test-method> <!-- closingBrowser -->
      </class> <!-- s1googlesearch.TC2GoogleSearchResultCountUFT -->
      <class name="s1googlesearch.TC1GoogleSearchResultCount">
        <test-method status="PASS" signature="googleSearchResultCount()[pri:1, instance:s1googlesearch.TC1GoogleSearchResultCount@18e8568]" name="googleSearchResultCount" duration-ms="10467" started-at="2018-01-24T19:20:59Z" finished-at="2018-01-24T19:21:09Z">
          <reporter-output>
          </reporter-output>
        </test-method> <!-- googleSearchResultCount -->
        <test-method status="PASS" signature="closingBrowser()[pri:0, instance:s1googlesearch.TC1GoogleSearchResultCount@18e8568]" name="closingBrowser" is-config="true" duration-ms="0" started-at="2018-01-24T19:21:09Z" finished-at="2018-01-24T19:21:09Z">
          <reporter-output>
          </reporter-output>
        </test-method> <!-- closingBrowser -->
      </class> <!-- s1googlesearch.TC1GoogleSearchResultCount -->
    </test> <!-- JenkinsTestTest -->
  </suite> <!-- JenkinsTestSuite -->
</testng-results>
