<?xml version="1.0" encoding="UTF-8"?>
<!-- Generated by org.testng.reporters.JUnitXMLReporter -->
<testsuite hostname="Vineeth" ignored="0" name="JenkinsTestTest" tests="3" failures="0" timestamp="24 Jan 2018 08:21:25 GMT" time="25.906" errors="0">
  <testcase name="googleSearchResultCount" time="10.467" classname="s1googlesearch.TC1GoogleSearchResultCount"/>
  <testcase name="googleSearchResultCount" time="7.683" classname="s1googlesearch.TC2GoogleSearchResultCountUFT"/>
  <testcase name="googleSearchResultCount" time="7.728" classname="s1googlesearch.TC3GoogleSearchResultCountGITHUB"/>
</testsuite> <!-- JenkinsTestTest -->
